<?xml version="1.0" encoding="UTF-8"?>
<!-- Generated by org.testng.reporters.JUnitReportReporter -->
<testsuite hostname="DESKTOP-GLKVRGN" failures="0" tests="1" name="testCases.TableTest" time="14.294" errors="0" timestamp="2024-07-01T08:02:14 IST" skipped="0">
  <testcase classname="testCases.TableTest" name="agePrint" time="14.294"/>
</testsuite> <!-- testCases.TableTest -->
