<?xml version="1.0" encoding="UTF-8"?>
<!-- Generated by org.testng.reporters.JUnitReportReporter -->
<testsuite hostname="DESKTOP-GLKVRGN" failures="0" tests="1" name="testCases.HomeTestClass" time="15.414" errors="0" timestamp="2024-06-25T07:58:54 IST" skipped="0">
  <testcase classname="testCases.HomeTestClass" name="verifyLogo" time="15.414"/>
</testsuite> <!-- testCases.HomeTestClass -->
