<?xml version="1.0" encoding="UTF-8"?>
<!-- Generated by org.testng.reporters.JUnitReportReporter -->
<testsuite hostname="DESKTOP-GLKVRGN" failures="0" tests="1" name="testCases.InputformTestClass" time="9.684" errors="0" timestamp="2024-06-26T21:39:10 IST" skipped="0">
  <testcase classname="testCases.InputformTestClass" name="verifyInputFormheader" time="9.684"/>
</testsuite> <!-- testCases.InputformTestClass -->
