<?xml version="1.0" encoding="UTF-8"?>
<!-- Generated by org.testng.reporters.JUnitReportReporter -->
<testsuite hostname="DESKTOP-GLKVRGN" failures="0" tests="1" name="testCases.TableTestClass" time="11.324" errors="0" timestamp="2024-06-26T22:44:36 IST" skipped="0">
  <testcase classname="testCases.TableTestClass" name="verifyHeaderTablePagination" time="11.324"/>
</testsuite> <!-- testCases.TableTestClass -->
