<?xml version="1.0" encoding="UTF-8"?>
<!-- Generated by org.testng.reporters.JUnitReportReporter -->
<testsuite hostname="DESKTOP-GLKVRGN" failures="0" tests="1" name="testCases.DatePickersTestClass" time="14.527" errors="0" timestamp="2024-06-27T20:17:10 IST" skipped="0">
  <testcase classname="testCases.DatePickersTestClass" name="dateonDatePicker" time="14.527"/>
</testsuite> <!-- testCases.DatePickersTestClass -->
